<?xml version="1.0" encoding="UTF-8"?>
<!-- Generated by org.testng.reporters.JUnitReportReporter -->
<testsuite name="pageTests.AlertTest" tests="1" time="0.465" ignored="2" failures="0" timestamp="16 Oct 2022 14:50:35 GMT" skipped="0" hostname="DESKTOP-J71GJ2U" errors="0">
  <testcase name="alertTest" time="0.465" classname="pageTests.AlertTest"/>
  <testcase name="launchBrowser" classname="pageTests.TestBase">
    <skipped/>
  </testcase> <!-- launchBrowser -->
  <testcase name="closeBrowser" classname="pageTests.TestBase">
    <skipped/>
  </testcase> <!-- closeBrowser -->
</testsuite> <!-- pageTests.AlertTest -->
