<?xml version="1.0" encoding="UTF-8"?>
<!-- Generated by org.testng.reporters.JUnitReportReporter -->
<testsuite name="pageTests.IndexTest" tests="1" time="0.765" ignored="0" failures="0" timestamp="09 Oct 2022 15:25:15 GMT" skipped="0" hostname="DESKTOP-J71GJ2U" errors="0">
  <testcase name="testOne" time="0.765" classname="pageTests.IndexTest"/>
</testsuite> <!-- pageTests.IndexTest -->
