<?xml version="1.0" encoding="UTF-8"?>
<!-- Generated by org.testng.reporters.JUnitReportReporter -->
<testsuite name="pageTests.AlertTest" tests="1" time="0.311" ignored="1" failures="0" timestamp="15 Oct 2022 15:37:03 GMT" skipped="0" hostname="DESKTOP-J71GJ2U" errors="0">
  <testcase name="alertTest" time="0.311" classname="pageTests.AlertTest"/>
  <testcase name="launchBrowser" classname="pageTests.TestBase">
    <skipped/>
  </testcase> <!-- launchBrowser -->
</testsuite> <!-- pageTests.AlertTest -->
